<?xml version="1.0" encoding="UTF-8"?>
<!-- Generated by org.testng.reporters.JUnitReportReporter -->
<testsuite hostname="DESKTOP-GT94MJI" failures="0" tests="1" name="definition_steps.loadproperty" time="180.586" errors="0" timestamp="2023-07-24T23:02:49 PDT" skipped="0">
  <testcase classname="definition_steps.loadproperty" name="configure" time="180.586"/>
  <system-out/>
</testsuite> <!-- definition_steps.loadproperty -->
